<?xml version="1.0" encoding="UTF-8"?>
<testng-results ignored="0" total="2" passed="2" failed="0" skipped="0">
  <reporter-output>
  </reporter-output>
  <suite started-at="2024-05-27T18:20:56 GMT+01:00" name="Suite" finished-at="2024-05-27T18:21:48 GMT+01:00" duration-ms="52286">
    <groups>
    </groups>
    <test started-at="2024-05-27T18:20:56 GMT+01:00" name="Test" finished-at="2024-05-27T18:21:48 GMT+01:00" duration-ms="52286">
      <class name="testCases.ExecuteTestZaleniumFirefox1">
        <test-method signature="test1()[pri:0, instance:testCases.ExecuteTestZaleniumFirefox1@63355449]" started-at="2024-05-27T18:20:56 GMT+01:00" name="test1" finished-at="2024-05-27T18:21:45 GMT+01:00" duration-ms="49068" status="PASS">
          <reporter-output>
          </reporter-output>
        </test-method> <!-- test1 -->
      </class> <!-- testCases.ExecuteTestZaleniumFirefox1 -->
      <class name="testCases.ExecuteTestZaleniumFirefox2">
        <test-method signature="test2()[pri:0, instance:testCases.ExecuteTestZaleniumFirefox2@1ddf84b8]" started-at="2024-05-27T18:20:56 GMT+01:00" name="test2" finished-at="2024-05-27T18:21:48 GMT+01:00" duration-ms="52207" status="PASS">
          <reporter-output>
          </reporter-output>
        </test-method> <!-- test2 -->
      </class> <!-- testCases.ExecuteTestZaleniumFirefox2 -->
    </test> <!-- Test -->
  </suite> <!-- Suite -->
</testng-results>
